<?xml version="1.0" encoding="utf-8"?><testsuites name="pytest tests"><testsuite name="pytest" errors="0" failures="0" skipped="0" tests="4" time="1.919" timestamp="2026-07-15T22:08:26.546305+00:00" hostname="agent-env-3ab11eb3-c81f-4b5a-9175-347143e8fc12"><testcase classname="backend.tests.test_flugfunk.TestFlugfunkAirports" name="test_search_eddm_returns_muenchen" time="0.686" /><testcase classname="backend.tests.test_flugfunk.TestFlugfunkAirports" name="test_search_missing_param_returns_422" time="0.160" /><testcase classname="backend.tests.test_flugfunk.TestFlugfunkFrequency" name="test_frequency_118705_matches_muenchen_tower_north" time="0.732" /><testcase classname="backend.tests.test_flugfunk.TestFlugfunkFrequency" name="test_frequency_missing_mhz_returns_422" time="0.164" /></testsuite></testsuites>