<?xml version="1.0" encoding="utf-8"?><testsuites name="pytest tests"><testsuite name="pytest" errors="0" failures="0" skipped="0" tests="15" time="27.068" timestamp="2026-07-16T02:10:43.559782+00:00" hostname="agent-env-3ab11eb3-c81f-4b5a-9175-347143e8fc12"><testcase classname="backend.tests.test_repeater.TestRepeaterBands" name="test_bands_shape_and_expected_keys" time="0.259" /><testcase classname="backend.tests.test_repeater.TestRepeaterSuggest" name="test_suggest_location_prefix_zug" time="0.062" /><testcase classname="backend.tests.test_repeater.TestRepeaterSuggest" name="test_suggest_callsign_prefix_db0" time="0.067" /><testcase classname="backend.tests.test_repeater.TestRepeaterSuggest" name="test_suggest_empty_query" time="0.059" /><testcase classname="backend.tests.test_repeater.TestRepeaterSearch" name="test_search_bands_2m_full_list_sorted" time="0.074" /><testcase classname="backend.tests.test_repeater.TestRepeaterSearch" name="test_search_freq_145_6875" time="0.057" /><testcase classname="backend.tests.test_repeater.TestRepeaterSearch" name="test_search_no_criteria_returns_empty" time="0.053" /><testcase classname="backend.tests.test_repeater.TestRepeaterSearch" name="test_search_near_2m_munich_radius_30" time="15.401" /><testcase classname="backend.tests.test_repeater.TestRepeaterSearch" name="test_search_near_invalid_coords_returns_400" time="0.053" /><testcase classname="backend.tests.test_repeater.TestRepeaterSearch" name="test_search_freq_and_band_combined" time="0.056" /><testcase classname="backend.tests.test_repeater.TestRepeaterGeocode" name="test_geocode_muenchen" time="0.176" /><testcase classname="backend.tests.test_repeater.TestRepeaterGeocode" name="test_geocode_empty_returns_400" time="0.051" /><testcase classname="backend.tests.test_repeater.TestRepeaterDetail" name="test_detail_from_de_2m_result" time="0.287" /><testcase classname="backend.tests.test_repeater.TestRepeaterDetail" name="test_detail_invalid_params_returns_400" time="0.053" /><testcase classname="backend.tests.test_repeater.TestRepeaterCoordsPersistence" name="test_repeater_coords_collection_populated" time="10.272" /></testsuite></testsuites>